14:00:51.759 Checking updates...
14:00:56.938 # Specification Heading
14:00:56.939 ## Vowel counts in single word
14:00:56.941 * Vowels in English language are "aeiou".

14:00:56.959 * The word "gauge" has "3" vowels.

14:00:56.965 ## Vowel counts in multiple word
14:00:56.967 * Vowels in English language are "aeiou".

14:00:56.971 * Almost all words have vowels 

     |Word  |Vowel Count|
     |------|-----------|
     |Gauge |3          |
     |Mingle|2          |
     |Snap  |1          |
     |GoCD  |1          |
     |Rhythm|0          |
14:00:57.281 Plugin [Html Report] with pid [9572] has exited
14:00:57.281 Specifications:	1 executed	1 passed	0 failed	0 skipped
14:00:57.281 Scenarios:	2 executed	2 passed	0 failed	0 skipped
14:00:57.281 
Total time taken: 389ms
14:08:25.505 Checking updates...
14:08:30.324 # Specification Heading
14:08:30.325 ## Vowel counts in single word
14:08:30.326 * Vowels in English language are "aeiou".

14:08:30.358 * The word "gauge" has "3" vowels.

14:08:30.364 ## Vowel counts in multiple word
14:08:30.365 * Vowels in English language are "aeiou".

14:08:30.367 * Almost all words have vowels 

     |Word  |Vowel Count|
     |------|-----------|
     |Gauge |3          |
     |Mingle|2          |
     |Snap  |1          |
     |GoCD  |1          |
     |Rhythm|0          |
14:08:30.371 ## Say hello to gauge
14:08:30.373 * Vowels in English language are "aeiou".

14:08:30.374 * Say "hello" to "gauge"
14:08:30.478 Plugin [Html Report] with pid [9844] has exited
14:08:30.478 Specifications:	1 executed	1 passed	0 failed	0 skipped
14:08:30.478 Scenarios:	3 executed	3 passed	0 failed	0 skipped
14:08:30.478 
Total time taken: 425ms
14:15:01.952 Checking updates...
14:15:06.684 # Specification Heading
14:15:06.685 ## Vowel counts in single word
14:15:06.686 * Vowels in English language are "aeiou".

14:15:06.699 * The word "gauge" has "3" vowels.

14:15:06.705 ## Vowel counts in multiple word
14:15:06.706 * Vowels in English language are "aeiou".

14:15:06.707 * Almost all words have vowels 

     |Word  |Vowel Count|
     |------|-----------|
     |Gauge |3          |
     |Mingle|2          |
     |Snap  |1          |
     |GoCD  |1          |
     |Rhythm|0          |
14:15:06.711 ## Say hello to gauge
14:15:06.712 * Vowels in English language are "aeiou".

14:15:06.713 * Say "hello" to "gauge"
14:15:06.820 Plugin [Html Report] with pid [8532] has exited
14:15:06.820 Specifications:	1 executed	1 passed	0 failed	0 skipped
14:15:06.820 Scenarios:	3 executed	3 passed	0 failed	0 skipped
14:15:06.820 
Total time taken: 269ms
14:16:28.509 Checking updates...
14:16:33.725 # Specification Heading
14:16:33.726 ## Vowel counts in single word
14:16:33.727 * Vowels in English language are "aeiou".

14:16:33.746 * The word "gauge" has "3" vowels.

14:16:33.753 ## Vowel counts in multiple word
14:16:33.754 * Vowels in English language are "aeiou".

14:16:33.758 * Almost all words have vowels 

     |Word  |Vowel Count|
     |------|-----------|
     |Gauge |3          |
     |Mingle|2          |
     |Snap  |1          |
     |GoCD  |1          |
     |Rhythm|0          |
14:16:33.768 ## Say hello to gauge
14:16:33.770 * Vowels in English language are "aeiou".

14:16:33.774 * Say "hello" to "gauge"
14:16:33.884 Plugin [Html Report] with pid [10012] has exited
14:16:33.884 Specifications:	1 executed	1 passed	0 failed	0 skipped
14:16:33.884 Scenarios:	3 executed	3 passed	0 failed	0 skipped
14:16:33.884 
Total time taken: 311ms
14:17:49.870 Checking updates...
14:17:55.176 # Specification Heading
14:17:55.176 ## Vowel counts in single word
14:17:55.182 * Vowels in English language are "aeiou".

14:17:55.213 * The word "gauge" has "3" vowels.

14:17:55.222 ## Vowel counts in multiple word
14:17:55.224 * Vowels in English language are "aeiou".

14:17:55.228 * Almost all words have vowels 

     |Word  |Vowel Count|
     |------|-----------|
     |Gauge |3          |
     |Mingle|2          |
     |Snap  |1          |
     |GoCD  |1          |
     |Rhythm|0          |
14:17:55.237 ## Say hello to gauge
14:17:55.240 * Vowels in English language are "aeiou".

14:17:55.242 * Say "hello" to "gauge"
14:17:55.355 Plugin [Html Report] with pid [7396] has exited
14:17:55.355 Specifications:	1 executed	1 passed	0 failed	0 skipped
14:17:55.355 Scenarios:	3 executed	3 passed	0 failed	0 skipped
14:17:55.355 
Total time taken: 372ms
14:19:54.994 Checking updates...
14:20:00.212 # Specification Heading
14:20:00.213 ## Vowel counts in single word
14:20:00.214 * Vowels in English language are "aeiou".

14:20:00.232 * The word "gauge" has "3" vowels.

14:20:00.240 ## Vowel counts in multiple word
14:20:00.241 * Vowels in English language are "aeiou".

14:20:00.242 * Almost all words have vowels 

     |Word  |Vowel Count|
     |------|-----------|
     |Gauge |3          |
     |Mingle|2          |
     |Snap  |1          |
     |GoCD  |1          |
     |Rhythm|0          |
14:20:00.246 ## Say hello to gauge
14:20:00.247 * Vowels in English language are "aeiou".

14:20:00.249 * Say "hello" to "gauge"
14:20:00.354 Plugin [Html Report] with pid [8824] has exited
14:20:00.354 Specifications:	1 executed	1 passed	0 failed	0 skipped
14:20:00.354 Scenarios:	3 executed	3 passed	0 failed	0 skipped
14:20:00.354 
Total time taken: 356ms
14:23:20.794 Checking updates...
14:23:25.782 # Specification Heading
14:23:25.783 ## Vowel counts in single word
14:23:25.785 * Vowels in English language are "aeiou".

14:23:25.813 * The word "gauge" has "3" vowels.

14:23:25.821 ## Vowel counts in multiple word
14:23:25.822 * Vowels in English language are "aeiou".

14:23:25.823 * Almost all words have vowels 

     |Word  |Vowel Count|
     |------|-----------|
     |Gauge |3          |
     |Mingle|2          |
     |Snap  |1          |
     |GoCD  |1          |
     |Rhythm|0          |
14:23:25.827 ## Say hello to gauge
14:23:25.828 * Vowels in English language are "aeiou".

14:23:25.830 * Say "hello" to "gauge"
14:23:25.936 Plugin [Html Report] with pid [10176] has exited
14:23:25.936 Specifications:	1 executed	1 passed	0 failed	0 skipped
14:23:25.936 Scenarios:	3 executed	3 passed	0 failed	0 skipped
14:23:25.936 
Total time taken: 290ms
14:40:54.416 Got a kill message. Killing runner.
14:40:58.421 Killing runner with PID:9872 forcefully
14:52:44.940 Checking updates...
14:52:51.836 Error Message: java.lang.IllegalStateException: The path to the driver executable must be set by the webdriver.gecko.driver system property; for more information, see https://github.com/mozilla/geckodriver. The latest version can be downloaded from https://github.com/mozilla/geckodriver/releases
14:52:51.836 Stacktrace: 
com.google.common.base.Preconditions.checkState(Preconditions.java:177)
org.openqa.selenium.remote.service.DriverService.findExecutable(DriverService.java:109)
org.openqa.selenium.firefox.GeckoDriverService.access$000(GeckoDriverService.java:37)
org.openqa.selenium.firefox.GeckoDriverService$Builder.findDefaultExecutable(GeckoDriverService.java:95)
org.openqa.selenium.remote.service.DriverService$Builder.build(DriverService.java:296)
org.openqa.selenium.firefox.FirefoxDriver.createCommandExecutor(FirefoxDriver.java:277)
org.openqa.selenium.firefox.FirefoxDriver.<init>(FirefoxDriver.java:247)
org.openqa.selenium.firefox.FirefoxDriver.<init>(FirefoxDriver.java:242)
org.openqa.selenium.firefox.FirefoxDriver.<init>(FirefoxDriver.java:238)
org.openqa.selenium.firefox.FirefoxDriver.<init>(FirefoxDriver.java:127)
DriverFactory.Setup(DriverFactory.java:28)
sun.reflect.NativeMethodAccessorImpl.invoke0(Native Method)
sun.reflect.NativeMethodAccessorImpl.invoke(NativeMethodAccessorImpl.java:62)
sun.reflect.DelegatingMethodAccessorImpl.invoke(DelegatingMethodAccessorImpl.java:43)
java.lang.reflect.Method.invoke(Method.java:497)
com.thoughtworks.gauge.execution.MethodExecutor.execute(MethodExecutor.java:31)
com.thoughtworks.gauge.execution.HooksExecutor$TaggedHookExecutor.executeHook(HooksExecutor.java:98)
com.thoughtworks.gauge.execution.HooksExecutor$TaggedHookExecutor.execute(HooksExecutor.java:84)
com.thoughtworks.gauge.execution.HooksExecutor.execute(HooksExecutor.java:41)
com.thoughtworks.gauge.processor.MethodExecutionMessageProcessor.executeHooks(MethodExecutionMessageProcessor.java:55)
com.thoughtworks.gauge.processor.SuiteExecutionStartingProcessor.process(SuiteExecutionStartingProcessor.java:26)
com.thoughtworks.gauge.connection.MessageDispatcher.dispatchMessages(MessageDispatcher.java:72)
com.thoughtworks.gauge.GaugeRuntime.main(GaugeRuntime.java:37)
14:52:51.836 Error Message: java.lang.NullPointerException
14:52:51.836 Stacktrace: 
DriverFactory.TearDown(DriverFactory.java:33)
sun.reflect.NativeMethodAccessorImpl.invoke0(Native Method)
sun.reflect.NativeMethodAccessorImpl.invoke(NativeMethodAccessorImpl.java:62)
sun.reflect.DelegatingMethodAccessorImpl.invoke(DelegatingMethodAccessorImpl.java:43)
java.lang.reflect.Method.invoke(Method.java:497)
com.thoughtworks.gauge.execution.MethodExecutor.execute(MethodExecutor.java:31)
com.thoughtworks.gauge.execution.HooksExecutor$TaggedHookExecutor.executeHook(HooksExecutor.java:98)
com.thoughtworks.gauge.execution.HooksExecutor$TaggedHookExecutor.execute(HooksExecutor.java:84)
com.thoughtworks.gauge.execution.HooksExecutor.execute(HooksExecutor.java:41)
com.thoughtworks.gauge.processor.MethodExecutionMessageProcessor.executeHooks(MethodExecutionMessageProcessor.java:55)
com.thoughtworks.gauge.processor.SuiteExecutionEndingProcessor.process(SuiteExecutionEndingProcessor.java:26)
com.thoughtworks.gauge.connection.MessageDispatcher.dispatchMessages(MessageDispatcher.java:72)
com.thoughtworks.gauge.GaugeRuntime.main(GaugeRuntime.java:37)
14:52:51.940 Plugin [Html Report] with pid [9540] has exited
14:52:52.942 Specifications:	0 executed	0 passed	0 failed	0 skipped
14:52:52.942 Scenarios:	0 executed	0 passed	0 failed	0 skipped
14:52:52.942 
Total time taken: 1.362s
14:54:44.395 Checking updates...
14:54:50.486 Error Message: java.lang.IllegalStateException: The path to the driver executable must be set by the webdriver.gecko.driver system property; for more information, see https://github.com/mozilla/geckodriver. The latest version can be downloaded from https://github.com/mozilla/geckodriver/releases
14:54:50.486 Stacktrace: 
com.google.common.base.Preconditions.checkState(Preconditions.java:177)
org.openqa.selenium.remote.service.DriverService.findExecutable(DriverService.java:109)
org.openqa.selenium.firefox.GeckoDriverService.access$000(GeckoDriverService.java:37)
org.openqa.selenium.firefox.GeckoDriverService$Builder.findDefaultExecutable(GeckoDriverService.java:95)
org.openqa.selenium.remote.service.DriverService$Builder.build(DriverService.java:296)
org.openqa.selenium.firefox.FirefoxDriver.createCommandExecutor(FirefoxDriver.java:277)
org.openqa.selenium.firefox.FirefoxDriver.<init>(FirefoxDriver.java:247)
org.openqa.selenium.firefox.FirefoxDriver.<init>(FirefoxDriver.java:242)
org.openqa.selenium.firefox.FirefoxDriver.<init>(FirefoxDriver.java:238)
org.openqa.selenium.firefox.FirefoxDriver.<init>(FirefoxDriver.java:127)
DriverFactory.Setup(DriverFactory.java:18)
sun.reflect.NativeMethodAccessorImpl.invoke0(Native Method)
sun.reflect.NativeMethodAccessorImpl.invoke(NativeMethodAccessorImpl.java:62)
sun.reflect.DelegatingMethodAccessorImpl.invoke(DelegatingMethodAccessorImpl.java:43)
java.lang.reflect.Method.invoke(Method.java:497)
com.thoughtworks.gauge.execution.MethodExecutor.execute(MethodExecutor.java:31)
com.thoughtworks.gauge.execution.HooksExecutor$TaggedHookExecutor.executeHook(HooksExecutor.java:98)
com.thoughtworks.gauge.execution.HooksExecutor$TaggedHookExecutor.execute(HooksExecutor.java:84)
com.thoughtworks.gauge.execution.HooksExecutor.execute(HooksExecutor.java:41)
com.thoughtworks.gauge.processor.MethodExecutionMessageProcessor.executeHooks(MethodExecutionMessageProcessor.java:55)
com.thoughtworks.gauge.processor.SuiteExecutionStartingProcessor.process(SuiteExecutionStartingProcessor.java:26)
com.thoughtworks.gauge.connection.MessageDispatcher.dispatchMessages(MessageDispatcher.java:72)
com.thoughtworks.gauge.GaugeRuntime.main(GaugeRuntime.java:37)
14:54:50.486 Error Message: java.lang.NullPointerException
14:54:50.486 Stacktrace: 
DriverFactory.TearDown(DriverFactory.java:23)
sun.reflect.NativeMethodAccessorImpl.invoke0(Native Method)
sun.reflect.NativeMethodAccessorImpl.invoke(NativeMethodAccessorImpl.java:62)
sun.reflect.DelegatingMethodAccessorImpl.invoke(DelegatingMethodAccessorImpl.java:43)
java.lang.reflect.Method.invoke(Method.java:497)
com.thoughtworks.gauge.execution.MethodExecutor.execute(MethodExecutor.java:31)
com.thoughtworks.gauge.execution.HooksExecutor$TaggedHookExecutor.executeHook(HooksExecutor.java:98)
com.thoughtworks.gauge.execution.HooksExecutor$TaggedHookExecutor.execute(HooksExecutor.java:84)
com.thoughtworks.gauge.execution.HooksExecutor.execute(HooksExecutor.java:41)
com.thoughtworks.gauge.processor.MethodExecutionMessageProcessor.executeHooks(MethodExecutionMessageProcessor.java:55)
com.thoughtworks.gauge.processor.SuiteExecutionEndingProcessor.process(SuiteExecutionEndingProcessor.java:26)
com.thoughtworks.gauge.connection.MessageDispatcher.dispatchMessages(MessageDispatcher.java:72)
com.thoughtworks.gauge.GaugeRuntime.main(GaugeRuntime.java:37)
14:54:50.591 Plugin [Html Report] with pid [8824] has exited
14:54:51.592 Specifications:	0 executed	0 passed	0 failed	0 skipped
14:54:51.592 Scenarios:	0 executed	0 passed	0 failed	0 skipped
14:54:51.592 
Total time taken: 1.249s
15:00:10.742 Checking updates...
15:00:16.354 Error Message: java.lang.IllegalStateException: The path to the driver executable must be set by the webdriver.gecko.driver system property; for more information, see https://github.com/mozilla/geckodriver. The latest version can be downloaded from https://github.com/mozilla/geckodriver/releases
15:00:16.355 Stacktrace: 
com.google.common.base.Preconditions.checkState(Preconditions.java:177)
org.openqa.selenium.remote.service.DriverService.findExecutable(DriverService.java:109)
org.openqa.selenium.firefox.GeckoDriverService.access$000(GeckoDriverService.java:37)
org.openqa.selenium.firefox.GeckoDriverService$Builder.findDefaultExecutable(GeckoDriverService.java:95)
org.openqa.selenium.remote.service.DriverService$Builder.build(DriverService.java:296)
org.openqa.selenium.firefox.FirefoxDriver.createCommandExecutor(FirefoxDriver.java:277)
org.openqa.selenium.firefox.FirefoxDriver.<init>(FirefoxDriver.java:247)
org.openqa.selenium.firefox.FirefoxDriver.<init>(FirefoxDriver.java:242)
org.openqa.selenium.firefox.FirefoxDriver.<init>(FirefoxDriver.java:238)
org.openqa.selenium.firefox.FirefoxDriver.<init>(FirefoxDriver.java:127)
DriverFactory.Setup(DriverFactory.java:19)
sun.reflect.NativeMethodAccessorImpl.invoke0(Native Method)
sun.reflect.NativeMethodAccessorImpl.invoke(NativeMethodAccessorImpl.java:62)
sun.reflect.DelegatingMethodAccessorImpl.invoke(DelegatingMethodAccessorImpl.java:43)
java.lang.reflect.Method.invoke(Method.java:497)
com.thoughtworks.gauge.execution.MethodExecutor.execute(MethodExecutor.java:31)
com.thoughtworks.gauge.execution.HooksExecutor$TaggedHookExecutor.executeHook(HooksExecutor.java:98)
com.thoughtworks.gauge.execution.HooksExecutor$TaggedHookExecutor.execute(HooksExecutor.java:84)
com.thoughtworks.gauge.execution.HooksExecutor.execute(HooksExecutor.java:41)
com.thoughtworks.gauge.processor.MethodExecutionMessageProcessor.executeHooks(MethodExecutionMessageProcessor.java:55)
com.thoughtworks.gauge.processor.SuiteExecutionStartingProcessor.process(SuiteExecutionStartingProcessor.java:26)
com.thoughtworks.gauge.connection.MessageDispatcher.dispatchMessages(MessageDispatcher.java:72)
com.thoughtworks.gauge.GaugeRuntime.main(GaugeRuntime.java:37)
15:00:16.457 Plugin [Html Report] with pid [5724] has exited
15:00:17.059 Specifications:	0 executed	0 passed	0 failed	0 skipped
15:00:17.059 Scenarios:	0 executed	0 passed	0 failed	0 skipped
15:00:17.059 
Total time taken: 847ms
15:05:25.105 Checking updates...
15:05:30.371 Error Message: java.lang.IllegalStateException: The path to the driver executable must be set by the webdriver.gecko.driver system property; for more information, see https://github.com/mozilla/geckodriver. The latest version can be downloaded from https://github.com/mozilla/geckodriver/releases
15:05:30.373 Stacktrace: 
com.google.common.base.Preconditions.checkState(Preconditions.java:177)
org.openqa.selenium.remote.service.DriverService.findExecutable(DriverService.java:109)
org.openqa.selenium.firefox.GeckoDriverService.access$000(GeckoDriverService.java:37)
org.openqa.selenium.firefox.GeckoDriverService$Builder.findDefaultExecutable(GeckoDriverService.java:95)
org.openqa.selenium.remote.service.DriverService$Builder.build(DriverService.java:296)
org.openqa.selenium.firefox.FirefoxDriver.createCommandExecutor(FirefoxDriver.java:277)
org.openqa.selenium.firefox.FirefoxDriver.<init>(FirefoxDriver.java:247)
org.openqa.selenium.firefox.FirefoxDriver.<init>(FirefoxDriver.java:242)
org.openqa.selenium.firefox.FirefoxDriver.<init>(FirefoxDriver.java:238)
org.openqa.selenium.firefox.FirefoxDriver.<init>(FirefoxDriver.java:127)
DriverFactory.Setup(DriverFactory.java:19)
sun.reflect.NativeMethodAccessorImpl.invoke0(Native Method)
sun.reflect.NativeMethodAccessorImpl.invoke(NativeMethodAccessorImpl.java:62)
sun.reflect.DelegatingMethodAccessorImpl.invoke(DelegatingMethodAccessorImpl.java:43)
java.lang.reflect.Method.invoke(Method.java:497)
com.thoughtworks.gauge.execution.MethodExecutor.execute(MethodExecutor.java:31)
com.thoughtworks.gauge.execution.HooksExecutor$TaggedHookExecutor.executeHook(HooksExecutor.java:98)
com.thoughtworks.gauge.execution.HooksExecutor$TaggedHookExecutor.execute(HooksExecutor.java:84)
com.thoughtworks.gauge.execution.HooksExecutor.execute(HooksExecutor.java:41)
com.thoughtworks.gauge.processor.MethodExecutionMessageProcessor.executeHooks(MethodExecutionMessageProcessor.java:55)
com.thoughtworks.gauge.processor.SuiteExecutionStartingProcessor.process(SuiteExecutionStartingProcessor.java:26)
com.thoughtworks.gauge.connection.MessageDispatcher.dispatchMessages(MessageDispatcher.java:72)
com.thoughtworks.gauge.GaugeRuntime.main(GaugeRuntime.java:37)
15:05:30.477 Plugin [Html Report] with pid [11976] has exited
15:05:31.080 Specifications:	0 executed	0 passed	0 failed	0 skipped
15:05:31.080 Scenarios:	0 executed	0 passed	0 failed	0 skipped
15:05:31.080 
Total time taken: 988ms
15:06:59.583 Checking updates...
15:07:04.850 Error Message: java.lang.IllegalStateException: The path to the driver executable must be set by the webdriver.gecko.driver system property; for more information, see https://github.com/mozilla/geckodriver. The latest version can be downloaded from https://github.com/mozilla/geckodriver/releases
15:07:04.850 Stacktrace: 
com.google.common.base.Preconditions.checkState(Preconditions.java:177)
org.openqa.selenium.remote.service.DriverService.findExecutable(DriverService.java:109)
org.openqa.selenium.firefox.GeckoDriverService.access$000(GeckoDriverService.java:37)
org.openqa.selenium.firefox.GeckoDriverService$Builder.findDefaultExecutable(GeckoDriverService.java:95)
org.openqa.selenium.remote.service.DriverService$Builder.build(DriverService.java:296)
org.openqa.selenium.firefox.FirefoxDriver.createCommandExecutor(FirefoxDriver.java:277)
org.openqa.selenium.firefox.FirefoxDriver.<init>(FirefoxDriver.java:247)
org.openqa.selenium.firefox.FirefoxDriver.<init>(FirefoxDriver.java:242)
org.openqa.selenium.firefox.FirefoxDriver.<init>(FirefoxDriver.java:238)
org.openqa.selenium.firefox.FirefoxDriver.<init>(FirefoxDriver.java:127)
DriverFactory.Setup(DriverFactory.java:19)
sun.reflect.NativeMethodAccessorImpl.invoke0(Native Method)
sun.reflect.NativeMethodAccessorImpl.invoke(NativeMethodAccessorImpl.java:62)
sun.reflect.DelegatingMethodAccessorImpl.invoke(DelegatingMethodAccessorImpl.java:43)
java.lang.reflect.Method.invoke(Method.java:497)
com.thoughtworks.gauge.execution.MethodExecutor.execute(MethodExecutor.java:31)
com.thoughtworks.gauge.execution.HooksExecutor$TaggedHookExecutor.executeHook(HooksExecutor.java:98)
com.thoughtworks.gauge.execution.HooksExecutor$TaggedHookExecutor.execute(HooksExecutor.java:84)
com.thoughtworks.gauge.execution.HooksExecutor.execute(HooksExecutor.java:41)
com.thoughtworks.gauge.processor.MethodExecutionMessageProcessor.executeHooks(MethodExecutionMessageProcessor.java:55)
com.thoughtworks.gauge.processor.SuiteExecutionStartingProcessor.process(SuiteExecutionStartingProcessor.java:26)
com.thoughtworks.gauge.connection.MessageDispatcher.dispatchMessages(MessageDispatcher.java:72)
com.thoughtworks.gauge.GaugeRuntime.main(GaugeRuntime.java:37)
15:07:04.956 Plugin [Html Report] with pid [10260] has exited
15:07:05.657 Specifications:	0 executed	0 passed	0 failed	0 skipped
15:07:05.657 Scenarios:	0 executed	0 passed	0 failed	0 skipped
15:07:05.657 
Total time taken: 871ms
15:10:34.913 Checking updates...
15:10:40.114 Error Message: java.lang.IllegalStateException: The path to the driver executable must be set by the webdriver.gecko.driver system property; for more information, see https://github.com/mozilla/geckodriver. The latest version can be downloaded from https://github.com/mozilla/geckodriver/releases
15:10:40.114 Stacktrace: 
com.google.common.base.Preconditions.checkState(Preconditions.java:177)
org.openqa.selenium.remote.service.DriverService.findExecutable(DriverService.java:109)
org.openqa.selenium.firefox.GeckoDriverService.access$000(GeckoDriverService.java:37)
org.openqa.selenium.firefox.GeckoDriverService$Builder.findDefaultExecutable(GeckoDriverService.java:95)
org.openqa.selenium.remote.service.DriverService$Builder.build(DriverService.java:296)
org.openqa.selenium.firefox.FirefoxDriver.createCommandExecutor(FirefoxDriver.java:277)
org.openqa.selenium.firefox.FirefoxDriver.<init>(FirefoxDriver.java:247)
org.openqa.selenium.firefox.FirefoxDriver.<init>(FirefoxDriver.java:242)
org.openqa.selenium.firefox.FirefoxDriver.<init>(FirefoxDriver.java:238)
org.openqa.selenium.firefox.FirefoxDriver.<init>(FirefoxDriver.java:127)
DriverFactory.Setup(DriverFactory.java:19)
sun.reflect.NativeMethodAccessorImpl.invoke0(Native Method)
sun.reflect.NativeMethodAccessorImpl.invoke(NativeMethodAccessorImpl.java:62)
sun.reflect.DelegatingMethodAccessorImpl.invoke(DelegatingMethodAccessorImpl.java:43)
java.lang.reflect.Method.invoke(Method.java:497)
com.thoughtworks.gauge.execution.MethodExecutor.execute(MethodExecutor.java:31)
com.thoughtworks.gauge.execution.HooksExecutor$TaggedHookExecutor.executeHook(HooksExecutor.java:98)
com.thoughtworks.gauge.execution.HooksExecutor$TaggedHookExecutor.execute(HooksExecutor.java:84)
com.thoughtworks.gauge.execution.HooksExecutor.execute(HooksExecutor.java:41)
com.thoughtworks.gauge.processor.MethodExecutionMessageProcessor.executeHooks(MethodExecutionMessageProcessor.java:55)
com.thoughtworks.gauge.processor.SuiteExecutionStartingProcessor.process(SuiteExecutionStartingProcessor.java:26)
com.thoughtworks.gauge.connection.MessageDispatcher.dispatchMessages(MessageDispatcher.java:72)
com.thoughtworks.gauge.GaugeRuntime.main(GaugeRuntime.java:37)
15:10:40.221 Plugin [Html Report] with pid [10756] has exited
15:10:41.024 Specifications:	0 executed	0 passed	0 failed	0 skipped
15:10:41.024 Scenarios:	0 executed	0 passed	0 failed	0 skipped
15:10:41.024 
Total time taken: 942ms
15:11:59.764 Checking updates...
15:12:05.589 Error Message: java.lang.IllegalStateException: The path to the driver executable must be set by the webdriver.gecko.driver system property; for more information, see https://github.com/mozilla/geckodriver. The latest version can be downloaded from https://github.com/mozilla/geckodriver/releases
15:12:05.590 Stacktrace: 
com.google.common.base.Preconditions.checkState(Preconditions.java:177)
org.openqa.selenium.remote.service.DriverService.findExecutable(DriverService.java:109)
org.openqa.selenium.firefox.GeckoDriverService.access$000(GeckoDriverService.java:37)
org.openqa.selenium.firefox.GeckoDriverService$Builder.findDefaultExecutable(GeckoDriverService.java:95)
org.openqa.selenium.remote.service.DriverService$Builder.build(DriverService.java:296)
org.openqa.selenium.firefox.FirefoxDriver.createCommandExecutor(FirefoxDriver.java:277)
org.openqa.selenium.firefox.FirefoxDriver.<init>(FirefoxDriver.java:247)
org.openqa.selenium.firefox.FirefoxDriver.<init>(FirefoxDriver.java:242)
org.openqa.selenium.firefox.FirefoxDriver.<init>(FirefoxDriver.java:238)
org.openqa.selenium.firefox.FirefoxDriver.<init>(FirefoxDriver.java:127)
DriverFactory.Setup(DriverFactory.java:19)
sun.reflect.NativeMethodAccessorImpl.invoke0(Native Method)
sun.reflect.NativeMethodAccessorImpl.invoke(NativeMethodAccessorImpl.java:62)
sun.reflect.DelegatingMethodAccessorImpl.invoke(DelegatingMethodAccessorImpl.java:43)
java.lang.reflect.Method.invoke(Method.java:497)
com.thoughtworks.gauge.execution.MethodExecutor.execute(MethodExecutor.java:31)
com.thoughtworks.gauge.execution.HooksExecutor$TaggedHookExecutor.executeHook(HooksExecutor.java:98)
com.thoughtworks.gauge.execution.HooksExecutor$TaggedHookExecutor.execute(HooksExecutor.java:84)
com.thoughtworks.gauge.execution.HooksExecutor.execute(HooksExecutor.java:41)
com.thoughtworks.gauge.processor.MethodExecutionMessageProcessor.executeHooks(MethodExecutionMessageProcessor.java:55)
com.thoughtworks.gauge.processor.SuiteExecutionStartingProcessor.process(SuiteExecutionStartingProcessor.java:26)
com.thoughtworks.gauge.connection.MessageDispatcher.dispatchMessages(MessageDispatcher.java:72)
com.thoughtworks.gauge.GaugeRuntime.main(GaugeRuntime.java:37)
15:12:05.696 Plugin [Html Report] with pid [9964] has exited
15:12:06.521 Specifications:	0 executed	0 passed	0 failed	0 skipped
15:12:06.521 Scenarios:	0 executed	0 passed	0 failed	0 skipped
15:12:06.521 
Total time taken: 1.241s
15:18:54.542 Checking updates...
15:18:59.946 Error Message: java.lang.IllegalStateException: The path to the driver executable must be set by the webdriver.gecko.driver system property; for more information, see https://github.com/mozilla/geckodriver. The latest version can be downloaded from https://github.com/mozilla/geckodriver/releases
15:18:59.947 Stacktrace: 
com.google.common.base.Preconditions.checkState(Preconditions.java:177)
org.openqa.selenium.remote.service.DriverService.findExecutable(DriverService.java:109)
org.openqa.selenium.firefox.GeckoDriverService.access$000(GeckoDriverService.java:37)
org.openqa.selenium.firefox.GeckoDriverService$Builder.findDefaultExecutable(GeckoDriverService.java:95)
org.openqa.selenium.remote.service.DriverService$Builder.build(DriverService.java:296)
org.openqa.selenium.firefox.FirefoxDriver.createCommandExecutor(FirefoxDriver.java:277)
org.openqa.selenium.firefox.FirefoxDriver.<init>(FirefoxDriver.java:247)
org.openqa.selenium.firefox.FirefoxDriver.<init>(FirefoxDriver.java:242)
org.openqa.selenium.firefox.FirefoxDriver.<init>(FirefoxDriver.java:238)
org.openqa.selenium.firefox.FirefoxDriver.<init>(FirefoxDriver.java:127)
DriverFactory.Setup(DriverFactory.java:22)
sun.reflect.NativeMethodAccessorImpl.invoke0(Native Method)
sun.reflect.NativeMethodAccessorImpl.invoke(NativeMethodAccessorImpl.java:62)
sun.reflect.DelegatingMethodAccessorImpl.invoke(DelegatingMethodAccessorImpl.java:43)
java.lang.reflect.Method.invoke(Method.java:497)
com.thoughtworks.gauge.execution.MethodExecutor.execute(MethodExecutor.java:31)
com.thoughtworks.gauge.execution.HooksExecutor$TaggedHookExecutor.executeHook(HooksExecutor.java:98)
com.thoughtworks.gauge.execution.HooksExecutor$TaggedHookExecutor.execute(HooksExecutor.java:84)
com.thoughtworks.gauge.execution.HooksExecutor.execute(HooksExecutor.java:41)
com.thoughtworks.gauge.processor.MethodExecutionMessageProcessor.executeHooks(MethodExecutionMessageProcessor.java:55)
com.thoughtworks.gauge.processor.SuiteExecutionStartingProcessor.process(SuiteExecutionStartingProcessor.java:26)
com.thoughtworks.gauge.connection.MessageDispatcher.dispatchMessages(MessageDispatcher.java:72)
com.thoughtworks.gauge.GaugeRuntime.main(GaugeRuntime.java:37)
15:19:00.057 Plugin [Html Report] with pid [12200] has exited
15:19:00.657 Specifications:	0 executed	0 passed	0 failed	0 skipped
15:19:00.657 Scenarios:	0 executed	0 passed	0 failed	0 skipped
15:19:00.657 
Total time taken: 935ms
15:21:45.627 Checking updates...
15:21:53.896 # Specification Heading
15:21:53.897 ## run browser
15:21:53.899 * Vowels in English language are "aeiou".

15:21:53.917 * On the customer page
15:22:07.074 Plugin [Html Report] with pid [3584] has exited
15:22:07.479 Specifications:	1 executed	1 passed	0 failed	0 skipped
15:22:07.479 Scenarios:	1 executed	1 passed	0 failed	0 skipped
15:22:07.479 
Total time taken: 17.688s
15:22:26.339 Checking updates...
15:22:34.746 # Specification Heading
15:22:34.747 ## run browser
15:22:34.749 * Vowels in English language are "aeiou".

15:22:34.762 * On the customer page
15:22:52.329 Plugin [Html Report] with pid [11976] has exited
15:22:52.734 Specifications:	1 executed	1 passed	0 failed	0 skipped
15:22:52.734 Scenarios:	1 executed	1 passed	0 failed	0 skipped
15:22:52.734 
Total time taken: 21.332s
15:27:26.697 Checking updates...
15:27:33.947 # Specification Heading
15:27:33.948 ## run browser
15:27:33.949 * Vowels in English language are "aeiou".

15:27:33.959 * Driver start
15:27:38.749 Plugin [Html Report] with pid [10904] has exited
15:27:39.165 Specifications:	1 executed	1 passed	0 failed	0 skipped
15:27:39.165 Scenarios:	1 executed	1 passed	0 failed	0 skipped
15:27:39.165 
Total time taken: 8.756s
15:28:22.345 Checking updates...
15:28:30.026 # Specification Heading
15:28:30.028 ## run browser
15:28:30.029 * Vowels in English language are "aeiou".

15:28:30.040 * Driver start
15:28:36.761 Error Message: java.lang.NullPointerException
15:28:36.763 Stacktrace: 
DriverFactory.TearDown(DriverFactory.java:36)
sun.reflect.NativeMethodAccessorImpl.invoke0(Native Method)
sun.reflect.NativeMethodAccessorImpl.invoke(NativeMethodAccessorImpl.java:62)
sun.reflect.DelegatingMethodAccessorImpl.invoke(DelegatingMethodAccessorImpl.java:43)
java.lang.reflect.Method.invoke(Method.java:497)
com.thoughtworks.gauge.execution.MethodExecutor.execute(MethodExecutor.java:31)
com.thoughtworks.gauge.execution.HooksExecutor$TaggedHookExecutor.executeHook(HooksExecutor.java:98)
com.thoughtworks.gauge.execution.HooksExecutor$TaggedHookExecutor.execute(HooksExecutor.java:84)
com.thoughtworks.gauge.execution.HooksExecutor.execute(HooksExecutor.java:41)
com.thoughtworks.gauge.processor.MethodExecutionMessageProcessor.executeHooks(MethodExecutionMessageProcessor.java:55)
com.thoughtworks.gauge.processor.SuiteExecutionEndingProcessor.process(SuiteExecutionEndingProcessor.java:26)
com.thoughtworks.gauge.connection.MessageDispatcher.dispatchMessages(MessageDispatcher.java:72)
com.thoughtworks.gauge.GaugeRuntime.main(GaugeRuntime.java:37)
15:28:36.868 Plugin [Html Report] with pid [6200] has exited
15:28:38.270 Specifications:	1 executed	1 passed	0 failed	0 skipped
15:28:38.270 Scenarios:	1 executed	1 passed	0 failed	0 skipped
15:28:38.270 
Total time taken: 10.815s
15:28:44.417 Checking updates...
15:28:51.976 # Specification Heading
15:28:51.977 ## run browser
15:28:51.978 * Vowels in English language are "aeiou".

15:28:51.988 * Driver start
15:28:56.761 Error Message: java.lang.NullPointerException
15:28:56.761 Stacktrace: 
DriverFactory.TearDown(DriverFactory.java:36)
sun.reflect.NativeMethodAccessorImpl.invoke0(Native Method)
sun.reflect.NativeMethodAccessorImpl.invoke(NativeMethodAccessorImpl.java:62)
sun.reflect.DelegatingMethodAccessorImpl.invoke(DelegatingMethodAccessorImpl.java:43)
java.lang.reflect.Method.invoke(Method.java:497)
com.thoughtworks.gauge.execution.MethodExecutor.execute(MethodExecutor.java:31)
com.thoughtworks.gauge.execution.HooksExecutor$TaggedHookExecutor.executeHook(HooksExecutor.java:98)
com.thoughtworks.gauge.execution.HooksExecutor$TaggedHookExecutor.execute(HooksExecutor.java:84)
com.thoughtworks.gauge.execution.HooksExecutor.execute(HooksExecutor.java:41)
com.thoughtworks.gauge.processor.MethodExecutionMessageProcessor.executeHooks(MethodExecutionMessageProcessor.java:55)
com.thoughtworks.gauge.processor.SuiteExecutionEndingProcessor.process(SuiteExecutionEndingProcessor.java:26)
com.thoughtworks.gauge.connection.MessageDispatcher.dispatchMessages(MessageDispatcher.java:72)
com.thoughtworks.gauge.GaugeRuntime.main(GaugeRuntime.java:37)
15:28:56.869 Plugin [Html Report] with pid [9820] has exited
15:28:58.179 Specifications:	1 executed	1 passed	0 failed	0 skipped
15:28:58.179 Scenarios:	1 executed	1 passed	0 failed	0 skipped
15:28:58.179 
Total time taken: 8.772s
15:33:30.172 Checking updates...
15:33:37.877 # Specification Heading
15:33:37.878 ## run browser
15:33:37.879 * Vowels in English language are "aeiou".

15:33:37.890 * Driver start
15:33:42.546 Error Message: java.lang.NullPointerException
15:33:42.546 Stacktrace: 
DriverFactory.TearDown(DriverFactory.java:36)
sun.reflect.NativeMethodAccessorImpl.invoke0(Native Method)
sun.reflect.NativeMethodAccessorImpl.invoke(NativeMethodAccessorImpl.java:62)
sun.reflect.DelegatingMethodAccessorImpl.invoke(DelegatingMethodAccessorImpl.java:43)
java.lang.reflect.Method.invoke(Method.java:497)
com.thoughtworks.gauge.execution.MethodExecutor.execute(MethodExecutor.java:31)
com.thoughtworks.gauge.execution.HooksExecutor$TaggedHookExecutor.executeHook(HooksExecutor.java:98)
com.thoughtworks.gauge.execution.HooksExecutor$TaggedHookExecutor.execute(HooksExecutor.java:84)
com.thoughtworks.gauge.execution.HooksExecutor.execute(HooksExecutor.java:41)
com.thoughtworks.gauge.processor.MethodExecutionMessageProcessor.executeHooks(MethodExecutionMessageProcessor.java:55)
com.thoughtworks.gauge.processor.SuiteExecutionEndingProcessor.process(SuiteExecutionEndingProcessor.java:26)
com.thoughtworks.gauge.connection.MessageDispatcher.dispatchMessages(MessageDispatcher.java:72)
com.thoughtworks.gauge.GaugeRuntime.main(GaugeRuntime.java:37)
15:33:42.650 Plugin [Html Report] with pid [11752] has exited
15:33:43.997 Specifications:	1 executed	1 passed	0 failed	0 skipped
15:33:43.997 Scenarios:	1 executed	1 passed	0 failed	0 skipped
15:33:43.997 
Total time taken: 8.68s
15:50:23.899 [ParseError] D:\gaugearchetypejava\specs\example.spec:45 Dynamic parameter <HI> could not be resolved => 'Say <HI> to <gauge>'
15:50:39.915 Checking updates...
15:50:39.925 Failed to download csharp-install.json file: Get https://downloads.getgauge.io/plugin/csharp?l=java&p=csharp,html-report,java,js&o=windows&a=amd64: dial tcp: lookup downloads.getgauge.io: getaddrinfow: No such host is known.
15:50:39.933 Failed to download html-report-install.json file: Get https://downloads.getgauge.io/plugin/html-report?l=java&p=csharp,html-report,java,js&o=windows&a=amd64: dial tcp: lookup downloads.getgauge.io: getaddrinfow: No such host is known.
15:50:39.939 Failed to download java-install.json file: Get https://downloads.getgauge.io/plugin/java?l=java&p=csharp,html-report,java,js&o=windows&a=amd64: dial tcp: lookup downloads.getgauge.io: getaddrinfow: No such host is known.
15:50:39.945 Failed to download js-install.json file: Get https://downloads.getgauge.io/plugin/js?l=java&p=csharp,html-report,java,js&o=windows&a=amd64: dial tcp: lookup downloads.getgauge.io: getaddrinfow: No such host is known.
15:50:53.057 # Specification Heading
15:50:53.058 ## run browser
15:50:53.059 * Vowels in English language are "aeiou".

15:50:53.069 * Driver start
15:51:05.757 Error Message: java.lang.NullPointerException
15:51:05.757 Stacktrace: 
DriverFactory.TearDown(DriverFactory.java:36)
sun.reflect.NativeMethodAccessorImpl.invoke0(Native Method)
sun.reflect.NativeMethodAccessorImpl.invoke(NativeMethodAccessorImpl.java:62)
sun.reflect.DelegatingMethodAccessorImpl.invoke(DelegatingMethodAccessorImpl.java:43)
java.lang.reflect.Method.invoke(Method.java:497)
com.thoughtworks.gauge.execution.MethodExecutor.execute(MethodExecutor.java:31)
com.thoughtworks.gauge.execution.HooksExecutor$TaggedHookExecutor.executeHook(HooksExecutor.java:98)
com.thoughtworks.gauge.execution.HooksExecutor$TaggedHookExecutor.execute(HooksExecutor.java:84)
com.thoughtworks.gauge.execution.HooksExecutor.execute(HooksExecutor.java:41)
com.thoughtworks.gauge.processor.MethodExecutionMessageProcessor.executeHooks(MethodExecutionMessageProcessor.java:55)
com.thoughtworks.gauge.processor.SuiteExecutionEndingProcessor.process(SuiteExecutionEndingProcessor.java:26)
com.thoughtworks.gauge.connection.MessageDispatcher.dispatchMessages(MessageDispatcher.java:72)
com.thoughtworks.gauge.GaugeRuntime.main(GaugeRuntime.java:37)
15:51:05.863 Plugin [Html Report] with pid [13044] has exited
15:51:07.265 Specifications:	1 executed	1 passed	0 failed	0 skipped
15:51:07.265 Scenarios:	1 executed	1 passed	0 failed	0 skipped
15:51:07.265 
Total time taken: 19.89s
15:51:31.062 Checking updates...
15:51:31.067 Failed to download csharp-install.json file: Get https://downloads.getgauge.io/plugin/csharp?l=java&p=csharp,html-report,java,js&o=windows&a=amd64: dial tcp: lookup downloads.getgauge.io: getaddrinfow: No such host is known.
15:51:31.080 Failed to download html-report-install.json file: Get https://downloads.getgauge.io/plugin/html-report?l=java&p=csharp,html-report,java,js&o=windows&a=amd64: dial tcp: lookup downloads.getgauge.io: getaddrinfow: No such host is known.
15:51:31.091 Failed to download java-install.json file: Get https://downloads.getgauge.io/plugin/java?l=java&p=csharp,html-report,java,js&o=windows&a=amd64: dial tcp: lookup downloads.getgauge.io: getaddrinfow: No such host is known.
15:51:31.099 Failed to download js-install.json file: Get https://downloads.getgauge.io/plugin/js?l=java&p=csharp,html-report,java,js&o=windows&a=amd64: dial tcp: lookup downloads.getgauge.io: getaddrinfow: No such host is known.
15:51:40.996 # Specification Heading
15:51:40.997 ## run browser
15:51:40.998 * Vowels in English language are "aeiou".

15:51:41.009 * Driver start
15:51:41.554 Error Message: java.lang.NullPointerException
15:51:41.554 Stacktrace: 
DriverFactory.TearDown(DriverFactory.java:36)
sun.reflect.NativeMethodAccessorImpl.invoke0(Native Method)
sun.reflect.NativeMethodAccessorImpl.invoke(NativeMethodAccessorImpl.java:62)
sun.reflect.DelegatingMethodAccessorImpl.invoke(DelegatingMethodAccessorImpl.java:43)
java.lang.reflect.Method.invoke(Method.java:497)
com.thoughtworks.gauge.execution.MethodExecutor.execute(MethodExecutor.java:31)
com.thoughtworks.gauge.execution.HooksExecutor$TaggedHookExecutor.executeHook(HooksExecutor.java:98)
com.thoughtworks.gauge.execution.HooksExecutor$TaggedHookExecutor.execute(HooksExecutor.java:84)
com.thoughtworks.gauge.execution.HooksExecutor.execute(HooksExecutor.java:41)
com.thoughtworks.gauge.processor.MethodExecutionMessageProcessor.executeHooks(MethodExecutionMessageProcessor.java:55)
com.thoughtworks.gauge.processor.SuiteExecutionEndingProcessor.process(SuiteExecutionEndingProcessor.java:26)
com.thoughtworks.gauge.connection.MessageDispatcher.dispatchMessages(MessageDispatcher.java:72)
com.thoughtworks.gauge.GaugeRuntime.main(GaugeRuntime.java:37)
15:51:41.659 Plugin [Html Report] with pid [13092] has exited
15:51:43.016 Specifications:	1 executed	1 passed	0 failed	0 skipped
15:51:43.016 Scenarios:	1 executed	1 passed	0 failed	0 skipped
15:51:43.016 
Total time taken: 4.513s
15:51:57.037 Checking updates...
15:51:57.043 Failed to download csharp-install.json file: Get https://downloads.getgauge.io/plugin/csharp?l=java&p=csharp,html-report,java,js&o=windows&a=amd64: dial tcp: lookup downloads.getgauge.io: getaddrinfow: No such host is known.
15:51:57.047 Failed to download html-report-install.json file: Get https://downloads.getgauge.io/plugin/html-report?l=java&p=csharp,html-report,java,js&o=windows&a=amd64: dial tcp: lookup downloads.getgauge.io: getaddrinfow: No such host is known.
15:51:57.053 Failed to download java-install.json file: Get https://downloads.getgauge.io/plugin/java?l=java&p=csharp,html-report,java,js&o=windows&a=amd64: dial tcp: lookup downloads.getgauge.io: getaddrinfow: No such host is known.
15:51:57.058 Failed to download js-install.json file: Get https://downloads.getgauge.io/plugin/js?l=java&p=csharp,html-report,java,js&o=windows&a=amd64: dial tcp: lookup downloads.getgauge.io: getaddrinfow: No such host is known.
15:52:23.251 Checking updates...
15:52:23.257 Failed to download csharp-install.json file: Get https://downloads.getgauge.io/plugin/csharp?l=java&p=csharp,html-report,java,js&o=windows&a=amd64: dial tcp: lookup downloads.getgauge.io: getaddrinfow: No such host is known.
15:52:23.263 Failed to download html-report-install.json file: Get https://downloads.getgauge.io/plugin/html-report?l=java&p=csharp,html-report,java,js&o=windows&a=amd64: dial tcp: lookup downloads.getgauge.io: getaddrinfow: No such host is known.
15:52:23.268 Failed to download java-install.json file: Get https://downloads.getgauge.io/plugin/java?l=java&p=csharp,html-report,java,js&o=windows&a=amd64: dial tcp: lookup downloads.getgauge.io: getaddrinfow: No such host is known.
15:52:23.274 Failed to download js-install.json file: Get https://downloads.getgauge.io/plugin/js?l=java&p=csharp,html-report,java,js&o=windows&a=amd64: dial tcp: lookup downloads.getgauge.io: getaddrinfow: No such host is known.
15:52:33.467 # Specification Heading
15:52:33.468 ## run browser
15:52:33.469 * Vowels in English language are "aeiou".

15:52:33.479 * Driver start
15:52:51.148 Error Message: java.lang.NullPointerException
15:52:51.148 Stacktrace: 
DriverFactory.TearDown(DriverFactory.java:36)
sun.reflect.NativeMethodAccessorImpl.invoke0(Native Method)
sun.reflect.NativeMethodAccessorImpl.invoke(NativeMethodAccessorImpl.java:62)
sun.reflect.DelegatingMethodAccessorImpl.invoke(DelegatingMethodAccessorImpl.java:43)
java.lang.reflect.Method.invoke(Method.java:497)
com.thoughtworks.gauge.execution.MethodExecutor.execute(MethodExecutor.java:31)
com.thoughtworks.gauge.execution.HooksExecutor$TaggedHookExecutor.executeHook(HooksExecutor.java:98)
com.thoughtworks.gauge.execution.HooksExecutor$TaggedHookExecutor.execute(HooksExecutor.java:84)
com.thoughtworks.gauge.execution.HooksExecutor.execute(HooksExecutor.java:41)
com.thoughtworks.gauge.processor.MethodExecutionMessageProcessor.executeHooks(MethodExecutionMessageProcessor.java:55)
com.thoughtworks.gauge.processor.SuiteExecutionEndingProcessor.process(SuiteExecutionEndingProcessor.java:26)
com.thoughtworks.gauge.connection.MessageDispatcher.dispatchMessages(MessageDispatcher.java:72)
com.thoughtworks.gauge.GaugeRuntime.main(GaugeRuntime.java:37)
15:52:51.257 Plugin [Html Report] with pid [14260] has exited
15:52:52.373 Specifications:	1 executed	1 passed	0 failed	0 skipped
15:52:52.373 Scenarios:	1 executed	1 passed	0 failed	0 skipped
15:52:52.373 
Total time taken: 21.951s
15:53:54.588 Checking updates...
15:53:54.593 Failed to download csharp-install.json file: Get https://downloads.getgauge.io/plugin/csharp?l=java&p=csharp,html-report,java,js&o=windows&a=amd64: dial tcp: lookup downloads.getgauge.io: getaddrinfow: No such host is known.
15:53:54.598 Failed to download html-report-install.json file: Get https://downloads.getgauge.io/plugin/html-report?l=java&p=csharp,html-report,java,js&o=windows&a=amd64: dial tcp: lookup downloads.getgauge.io: getaddrinfow: No such host is known.
15:53:54.603 Failed to download java-install.json file: Get https://downloads.getgauge.io/plugin/java?l=java&p=csharp,html-report,java,js&o=windows&a=amd64: dial tcp: lookup downloads.getgauge.io: getaddrinfow: No such host is known.
15:53:54.616 Failed to download js-install.json file: Get https://downloads.getgauge.io/plugin/js?l=java&p=csharp,html-report,java,js&o=windows&a=amd64: dial tcp: lookup downloads.getgauge.io: getaddrinfow: No such host is known.
15:54:05.530 # Specification Heading
15:54:05.531 ## run browser
15:54:05.532 * Vowels in English language are "aeiou".

15:54:05.543 * Driver start
15:54:08.617 Error Message: java.lang.NullPointerException
15:54:08.617 Stacktrace: 
DriverFactory.TearDown(DriverFactory.java:41)
sun.reflect.NativeMethodAccessorImpl.invoke0(Native Method)
sun.reflect.NativeMethodAccessorImpl.invoke(NativeMethodAccessorImpl.java:62)
sun.reflect.DelegatingMethodAccessorImpl.invoke(DelegatingMethodAccessorImpl.java:43)
java.lang.reflect.Method.invoke(Method.java:497)
com.thoughtworks.gauge.execution.MethodExecutor.execute(MethodExecutor.java:31)
com.thoughtworks.gauge.execution.HooksExecutor$TaggedHookExecutor.executeHook(HooksExecutor.java:98)
com.thoughtworks.gauge.execution.HooksExecutor$TaggedHookExecutor.execute(HooksExecutor.java:84)
com.thoughtworks.gauge.execution.HooksExecutor.execute(HooksExecutor.java:41)
com.thoughtworks.gauge.processor.MethodExecutionMessageProcessor.executeHooks(MethodExecutionMessageProcessor.java:55)
com.thoughtworks.gauge.processor.SuiteExecutionEndingProcessor.process(SuiteExecutionEndingProcessor.java:26)
com.thoughtworks.gauge.connection.MessageDispatcher.dispatchMessages(MessageDispatcher.java:72)
com.thoughtworks.gauge.GaugeRuntime.main(GaugeRuntime.java:37)
15:54:08.726 Plugin [Html Report] with pid [10940] has exited
15:54:09.938 Specifications:	1 executed	1 passed	0 failed	0 skipped
15:54:09.938 Scenarios:	1 executed	1 passed	0 failed	0 skipped
15:54:09.938 
Total time taken: 7.009s
15:54:21.298 Checking updates...
15:54:21.334 Failed to download csharp-install.json file: Get https://downloads.getgauge.io/plugin/csharp?l=java&p=csharp,html-report,java,js&o=windows&a=amd64: dial tcp: lookup downloads.getgauge.io: getaddrinfow: No such host is known.
15:54:21.346 Failed to download html-report-install.json file: Get https://downloads.getgauge.io/plugin/html-report?l=java&p=csharp,html-report,java,js&o=windows&a=amd64: dial tcp: lookup downloads.getgauge.io: getaddrinfow: No such host is known.
15:54:21.370 Failed to download java-install.json file: Get https://downloads.getgauge.io/plugin/java?l=java&p=csharp,html-report,java,js&o=windows&a=amd64: dial tcp: lookup downloads.getgauge.io: getaddrinfow: No such host is known.
15:54:21.381 Failed to download js-install.json file: Get https://downloads.getgauge.io/plugin/js?l=java&p=csharp,html-report,java,js&o=windows&a=amd64: dial tcp: lookup downloads.getgauge.io: getaddrinfow: No such host is known.
15:54:30.816 # Specification Heading
15:54:30.819 ## run browser
15:54:30.819 * Vowels in English language are "aeiou".

15:54:30.832 * Driver start
15:54:33.046 Plugin [Html Report] with pid [13148] has exited
15:54:33.447 Specifications:	1 executed	1 passed	0 failed	0 skipped
15:54:33.447 Scenarios:	1 executed	1 passed	0 failed	0 skipped
15:54:33.447 
Total time taken: 5.915s
18:52:04.887 Error Message: org.openqa.selenium.WebDriverException: java.net.SocketTimeoutException: Read timed out
Build info: version: '3.0.1', revision: '1969d75', time: '2016-10-18 09:49:13 -0700'
System info: host: 'L245', ip: '10.111.94.199', os.name: 'Windows 7', os.arch: 'amd64', os.version: '6.1', java.version: '1.8.0_66'
Driver info: driver.version: InternetExplorerDriver
18:52:04.887 Stacktrace: 
org.openqa.selenium.remote.service.DriverCommandExecutor.execute(DriverCommandExecutor.java:91)
org.openqa.selenium.remote.RemoteWebDriver.execute(RemoteWebDriver.java:601)
org.openqa.selenium.remote.RemoteWebDriver.startSession(RemoteWebDriver.java:241)
org.openqa.selenium.remote.RemoteWebDriver.startSession(RemoteWebDriver.java:227)
org.openqa.selenium.ie.InternetExplorerDriver.run(InternetExplorerDriver.java:180)
org.openqa.selenium.ie.InternetExplorerDriver.<init>(InternetExplorerDriver.java:172)
org.openqa.selenium.ie.InternetExplorerDriver.<init>(InternetExplorerDriver.java:148)
DriverFactory.Setup(DriverFactory.java:30)
sun.reflect.NativeMethodAccessorImpl.invoke0(Native Method)
sun.reflect.NativeMethodAccessorImpl.invoke(NativeMethodAccessorImpl.java:62)
sun.reflect.DelegatingMethodAccessorImpl.invoke(DelegatingMethodAccessorImpl.java:43)
java.lang.reflect.Method.invoke(Method.java:497)
com.thoughtworks.gauge.execution.MethodExecutor.execute(MethodExecutor.java:31)
com.thoughtworks.gauge.execution.HooksExecutor$TaggedHookExecutor.executeHook(HooksExecutor.java:98)
com.thoughtworks.gauge.execution.HooksExecutor$TaggedHookExecutor.execute(HooksExecutor.java:84)
com.thoughtworks.gauge.execution.HooksExecutor.execute(HooksExecutor.java:41)
com.thoughtworks.gauge.processor.MethodExecutionMessageProcessor.executeHooks(MethodExecutionMessageProcessor.java:55)
com.thoughtworks.gauge.processor.SuiteExecutionStartingProcessor.process(SuiteExecutionStartingProcessor.java:26)
com.thoughtworks.gauge.connection.MessageDispatcher.dispatchMessages(MessageDispatcher.java:72)
com.thoughtworks.gauge.GaugeRuntime.main(GaugeRuntime.java:37)
18:52:04.888 Error Message: java.lang.NullPointerException
18:52:04.888 Stacktrace: 
DriverFactory.TearDown(DriverFactory.java:36)
sun.reflect.NativeMethodAccessorImpl.invoke0(Native Method)
sun.reflect.NativeMethodAccessorImpl.invoke(NativeMethodAccessorImpl.java:62)
sun.reflect.DelegatingMethodAccessorImpl.invoke(DelegatingMethodAccessorImpl.java:43)
java.lang.reflect.Method.invoke(Method.java:497)
com.thoughtworks.gauge.execution.MethodExecutor.execute(MethodExecutor.java:31)
com.thoughtworks.gauge.execution.HooksExecutor$TaggedHookExecutor.executeHook(HooksExecutor.java:98)
com.thoughtworks.gauge.execution.HooksExecutor$TaggedHookExecutor.execute(HooksExecutor.java:84)
com.thoughtworks.gauge.execution.HooksExecutor.execute(HooksExecutor.java:41)
com.thoughtworks.gauge.processor.MethodExecutionMessageProcessor.executeHooks(MethodExecutionMessageProcessor.java:55)
com.thoughtworks.gauge.processor.SuiteExecutionEndingProcessor.process(SuiteExecutionEndingProcessor.java:26)
com.thoughtworks.gauge.connection.MessageDispatcher.dispatchMessages(MessageDispatcher.java:72)
com.thoughtworks.gauge.GaugeRuntime.main(GaugeRuntime.java:37)
18:52:04.994 Plugin [Html Report] with pid [13080] has exited
18:52:06.495 Specifications:	0 executed	0 passed	0 failed	0 skipped
18:52:06.495 Scenarios:	0 executed	0 passed	0 failed	0 skipped
18:52:06.495 
Total time taken: 3h0m1.491s
